<?xml version="1.0" encoding="UTF-8"?>
<!-- Generated by org.testng.reporters.JUnitReportReporter -->
<testsuite skipped="0" hostname="LIN37000517" name="com.michaelpage.testrunner.Michaelpagerunner" tests="1" failures="0" timestamp="11 Jun 2020 13:02:06 GMT" time="56.584" errors="0">
  <testcase name="feature" time="56.584" classname="com.michaelpage.testrunner.Michaelpagerunner"/>
</testsuite> <!-- com.michaelpage.testrunner.Michaelpagerunner -->
